Using pre-set license
Built from '2021.3/staging' branch; Version is '2021.3.14f1 (eee1884e7226) revision 15655304'; Using compiler version '192829333'; Build Type 'Release'
OS: 'Windows 10  (10.0.19045) 64bit Core' Language: 'en' Physical Memory: 8108 MB
BatchMode: 1, IsHumanControllingUs: 0, StartBugReporterOnCrash: 0, Is64bit: 1, IsPro: 1

COMMAND LINE ARGUMENTS:
E:\Unity Versions\2021.3.14f1\Editor\Unity.exe
-adb2
-batchMode
-noUpm
-name
AssetImportWorker2
-projectPath
E:/git/GrapplingHook/Grappling Hook
-logFile
Logs/AssetImportWorker2.log
-srvPort
51850
Successfully changed project path to: E:/git/GrapplingHook/Grappling Hook
E:/git/GrapplingHook/Grappling Hook
[UnityMemory] Configuration Parameters - Can be set up in boot.config
    "memorysetup-bucket-allocator-granularity=16"
    "memorysetup-bucket-allocator-bucket-count=8"
    "memorysetup-bucket-allocator-block-size=33554432"
    "memorysetup-bucket-allocator-block-count=8"
    "memorysetup-main-allocator-block-size=16777216"
    "memorysetup-thread-allocator-block-size=16777216"
    "memorysetup-gfx-main-allocator-block-size=16777216"
    "memorysetup-gfx-thread-allocator-block-size=16777216"
    "memorysetup-cache-allocator-block-size=4194304"
    "memorysetup-typetree-allocator-block-size=2097152"
    "memorysetup-profiler-bucket-allocator-granularity=16"
    "memorysetup-profiler-bucket-allocator-bucket-count=8"
    "memorysetup-profiler-bucket-allocator-block-size=33554432"
    "memorysetup-profiler-bucket-allocator-block-count=8"
    "memorysetup-profiler-allocator-block-size=16777216"
    "memorysetup-profiler-editor-allocator-block-size=1048576"
    "memorysetup-temp-allocator-size-main=16777216"
    "memorysetup-job-temp-allocator-block-size=2097152"
    "memorysetup-job-temp-allocator-block-size-background=1048576"
    "memorysetup-job-temp-allocator-reduction-small-platforms=262144"
    "memorysetup-temp-allocator-size-background-worker=32768"
    "memorysetup-temp-allocator-size-job-worker=262144"
    "memorysetup-temp-allocator-size-preload-manager=33554432"
    "memorysetup-temp-allocator-size-nav-mesh-worker=65536"
    "memorysetup-temp-allocator-size-audio-worker=65536"
    "memorysetup-temp-allocator-size-cloud-worker=32768"
    "memorysetup-temp-allocator-size-gi-baking-worker=262144"
    "memorysetup-temp-allocator-size-gfx=262144"
Refreshing native plugins compatible for Editor in 96.92 ms, found 3 plugins.
Preloading 0 native plugins for Editor in 0.00 ms.
Initialize engine version: 2021.3.14f1 (eee1884e7226)
[Subsystems] Discovering subsystems at path E:/Unity Versions/2021.3.14f1/Editor/Data/Resources/UnitySubsystems
[Subsystems] Discovering subsystems at path E:/git/GrapplingHook/Grappling Hook/Assets
GfxDevice: creating device client; threaded=0; jobified=0
Direct3D:
    Version:  Direct3D 11.0 [level 11.1]
    Renderer: NVIDIA GeForce RTX 2060 (ID=0x1f08)
    Vendor:   NVIDIA
    VRAM:     5968 MB
    Driver:   31.0.15.2849
Initialize mono
Mono path[0] = 'E:/Unity Versions/2021.3.14f1/Editor/Data/Managed'
Mono path[1] = 'E:/Unity Versions/2021.3.14f1/Editor/Data/MonoBleedingEdge/lib/mono/unityjit-win32'
Mono config path = 'E:/Unity Versions/2021.3.14f1/Editor/Data/MonoBleedingEdge/etc'
Using monoOptions --debugger-agent=transport=dt_socket,embedding=1,server=y,suspend=n,address=127.0.0.1:56040
Begin MonoManager ReloadAssembly
Registering precompiled unity dll's ...
Register platform support module: E:/Unity Versions/2021.3.14f1/Editor/Data/PlaybackEngines/WebGLSupport/UnityEditor.WebGL.Extensions.dll
Register platform support module: E:/Unity Versions/2021.3.14f1/Editor/Data/PlaybackEngines/WindowsStandaloneSupport/UnityEditor.WindowsStandalone.Extensions.dll
Registered in 0.002877 seconds.
Native extension for WindowsStandalone target not found
Native extension for WebGL target not found
Refreshing native plugins compatible for Editor in 90.47 ms, found 3 plugins.
Preloading 0 native plugins for Editor in 0.00 ms.
Mono: successfully reloaded assembly
- Completed reload, in  0.719 seconds
Domain Reload Profiling:
	ReloadAssembly (720ms)
		BeginReloadAssembly (78ms)
			ExecutionOrderSort (0ms)
			DisableScriptedObjects (0ms)
			BackupInstance (0ms)
			ReleaseScriptingObjects (0ms)
			CreateAndSetChildDomain (1ms)
		EndReloadAssembly (530ms)
			LoadAssemblies (77ms)
			RebuildTransferFunctionScriptingTraits (0ms)
			SetupTypeCache (139ms)
			ReleaseScriptCaches (0ms)
			RebuildScriptCaches (35ms)
			SetupLoadedEditorAssemblies (306ms)
				LogAssemblyErrors (0ms)
				InitializePlatformSupportModulesInManaged (9ms)
				SetLoadedEditorAssemblies (0ms)
				RefreshPlugins (91ms)
				BeforeProcessingInitializeOnLoad (1ms)
				ProcessInitializeOnLoadAttributes (153ms)
				ProcessInitializeOnLoadMethodAttributes (51ms)
				AfterProcessingInitializeOnLoad (0ms)
				EditorAssembliesLoaded (0ms)
			ExecutionOrderSort2 (0ms)
			AwakeInstancesAfterBackupRestoration (0ms)
Platform modules already initialized, skipping
Registering precompiled user dll's ...
Registered in 0.010528 seconds.
Begin MonoManager ReloadAssembly
Symbol file LoadedFromMemory doesn't match image E:\git\GrapplingHook\Grappling Hook\Library\PackageCache\com.unity.visualscripting@1.7.8\Editor\VisualScripting.Core\Dependencies\YamlDotNet\Unity.VisualScripting.YamlDotNet.dll
Symbol file LoadedFromMemory doesn't match image E:\git\GrapplingHook\Grappling Hook\Library\PackageCache\com.unity.visualscripting@1.7.8\Editor\VisualScripting.Core\Dependencies\DotNetZip\Unity.VisualScripting.IonicZip.dll
Native extension for WindowsStandalone target not found
Native extension for WebGL target not found
Refreshing native plugins compatible for Editor in 24.98 ms, found 3 plugins.
Preloading 0 native plugins for Editor in 0.00 ms.
Mono: successfully reloaded assembly
- Completed reload, in  2.739 seconds
Domain Reload Profiling:
	ReloadAssembly (2761ms)
		BeginReloadAssembly (162ms)
			ExecutionOrderSort (0ms)
			DisableScriptedObjects (6ms)
			BackupInstance (0ms)
			ReleaseScriptingObjects (0ms)
			CreateAndSetChildDomain (59ms)
		EndReloadAssembly (2364ms)
			LoadAssemblies (792ms)
			RebuildTransferFunctionScriptingTraits (0ms)
			SetupTypeCache (353ms)
			ReleaseScriptCaches (1ms)
			RebuildScriptCaches (68ms)
			SetupLoadedEditorAssemblies (954ms)
				LogAssemblyErrors (0ms)
				InitializePlatformSupportModulesInManaged (21ms)
				SetLoadedEditorAssemblies (3ms)
				RefreshPlugins (27ms)
				BeforeProcessingInitializeOnLoad (121ms)
				ProcessInitializeOnLoadAttributes (649ms)
				ProcessInitializeOnLoadMethodAttributes (123ms)
				AfterProcessingInitializeOnLoad (5ms)
				EditorAssembliesLoaded (3ms)
			ExecutionOrderSort2 (0ms)
			AwakeInstancesAfterBackupRestoration (30ms)
Platform modules already initialized, skipping
========================================================================
Worker process is ready to serve import requests
Launched and connected shader compiler UnityShaderCompiler.exe after 0.40 seconds
Refreshing native plugins compatible for Editor in 18.00 ms, found 3 plugins.
Preloading 0 native plugins for Editor in 0.00 ms.
Unloading 3434 Unused Serialized files (Serialized files now loaded: 0)
Unloading 34 unused Assets / (149.2 KB). Loaded Objects now: 3928.
Memory consumption went from 194.3 MB to 194.1 MB.
Total: 190.003800 ms (FindLiveObjects: 0.655600 ms CreateObjectMapping: 0.184900 ms MarkObjects: 188.683300 ms  DeleteObjects: 0.475800 ms)

AssetImportParameters requested are different than current active one (requested -> active):
  custom:video-decoder-ogg-theora: a1e56fd34408186e4bbccfd4996cb3dc -> 
  custom:container-muxer-webm: aa71ff27fc2769a1b78a27578f13a17b -> 
  custom:container-demuxer-webm: 4f35f7cbe854078d1ac9338744f61a02 -> 
  custom:video-encoder-webm-vp8: eb34c28f22e8b96e1ab97ce403110664 -> 
  custom:audio-encoder-webm-vorbis: bf7c407c2cedff20999df2af8eb42d56 -> 
  custom:framework-win-MediaFoundation: 216162199b28c13a410421893ffa2e32 -> 
  custom:container-demuxer-ogg: 62fdf1f143b41e24485cea50d1cbac27 -> 
  custom:video-decoder-webm-vp8: 9c59270c3fd7afecdb556c50c9e8de78 -> 
  custom:audio-decoder-ogg-vorbis: bf7c407c2cedff20999df2af8eb42d56 -> 
========================================================================
Received Import Request.
  Time since last request: 955738.744986 seconds.
  path: Assets/Prefabs/Player Container.prefab
  artifactKey: Guid(76a9adbe21f49e9408281773a15b0530) Importer(815301076,1909f56bfc062723c751e8b465ee728b)
Start importing Assets/Prefabs/Player Container.prefab using Guid(76a9adbe21f49e9408281773a15b0530) Importer(815301076,1909f56bfc062723c751e8b465ee728b)  -> (artifact id: '03ce6cdba18b5176a581fc2304f04bad') in 1.026894 seconds 
========================================================================
Received Import Request.
  Time since last request: 123.489716 seconds.
  path: Assets/MASH Virtual/Sci Fi Gun/Texture/GunModle_Gun_AlbedoAO.png
  artifactKey: Guid(e946a9dc39eec974286136379f4a0559) Importer(815301076,1909f56bfc062723c751e8b465ee728b)
Start importing Assets/MASH Virtual/Sci Fi Gun/Texture/GunModle_Gun_AlbedoAO.png using Guid(e946a9dc39eec974286136379f4a0559) Importer(815301076,1909f56bfc062723c751e8b465ee728b)  -> (artifact id: '0583f2cac00c0afb535de91ecec24945') in 0.141523 seconds 
========================================================================
Received Import Request.
  Time since last request: 0.096701 seconds.
  path: Assets/MASH Virtual/Sci Fi Gun/Mesh/Gun.fbx
  artifactKey: Guid(7d06582fc8e311644a92e6d9e9cab273) Importer(815301076,1909f56bfc062723c751e8b465ee728b)
Start importing Assets/MASH Virtual/Sci Fi Gun/Mesh/Gun.fbx using Guid(7d06582fc8e311644a92e6d9e9cab273) Importer(815301076,1909f56bfc062723c751e8b465ee728b)  -> (artifact id: '4ca35c3c52b08b67cc5e220aa4e8edfa') in 0.320271 seconds 
========================================================================
Received Import Request.
  Time since last request: 0.057467 seconds.
  path: Assets/MASH Virtual/Sci Fi Gun/Texture/batteries-1379208_1280.png
  artifactKey: Guid(43b3bf0ef7c042747a2a444b44c88f83) Importer(815301076,1909f56bfc062723c751e8b465ee728b)
Start importing Assets/MASH Virtual/Sci Fi Gun/Texture/batteries-1379208_1280.png using Guid(43b3bf0ef7c042747a2a444b44c88f83) Importer(815301076,1909f56bfc062723c751e8b465ee728b)  -> (artifact id: '2800473c170ac8c3e693d43cfdae229c') in 0.062834 seconds 
========================================================================
Received Import Request.
  Time since last request: 0.029183 seconds.
  path: Assets/MASH Virtual/Sci Fi Gun/Texture/GunModle_Gun_Normal.png
  artifactKey: Guid(56f65315b50ca2541a1d3d67192df3bc) Importer(815301076,1909f56bfc062723c751e8b465ee728b)
Start importing Assets/MASH Virtual/Sci Fi Gun/Texture/GunModle_Gun_Normal.png using Guid(56f65315b50ca2541a1d3d67192df3bc) Importer(815301076,1909f56bfc062723c751e8b465ee728b)  -> (artifact id: '708c16e27d8b863502faacad455b5c3c') in 0.070812 seconds 
========================================================================
Received Import Request.
  Time since last request: 0.088795 seconds.
  path: Assets/MASH Virtual/Sci Fi Gun/Material/Text.mat
  artifactKey: Guid(23037c33e61f39549867eb514f8e18b5) Importer(815301076,1909f56bfc062723c751e8b465ee728b)
Start importing Assets/MASH Virtual/Sci Fi Gun/Material/Text.mat using Guid(23037c33e61f39549867eb514f8e18b5) Importer(815301076,1909f56bfc062723c751e8b465ee728b)  -> (artifact id: '9e631d180ccaecb24cf2eaa136218261') in 0.300149 seconds 
========================================================================
Received Import Request.
  Time since last request: 0.018520 seconds.
  path: Assets/MASH Virtual/Sci Fi Gun/Texture/GunModle_Gun_AlbedoTransparency.png
  artifactKey: Guid(ef57d3bdc8f38c84a89d283269b4eed2) Importer(815301076,1909f56bfc062723c751e8b465ee728b)
Start importing Assets/MASH Virtual/Sci Fi Gun/Texture/GunModle_Gun_AlbedoTransparency.png using Guid(ef57d3bdc8f38c84a89d283269b4eed2) Importer(815301076,1909f56bfc062723c751e8b465ee728b)  -> (artifact id: '34a4821f22bed9797164bd14a75431d1') in 0.060244 seconds 
========================================================================
Received Import Request.
  Time since last request: 0.002580 seconds.
  path: Assets/MASH Virtual/Sci Fi Gun/Texture/GunModle_Gun_Emission.png
  artifactKey: Guid(75f8278e68f326e489206c7316821f14) Importer(815301076,1909f56bfc062723c751e8b465ee728b)
Start importing Assets/MASH Virtual/Sci Fi Gun/Texture/GunModle_Gun_Emission.png using Guid(75f8278e68f326e489206c7316821f14) Importer(815301076,1909f56bfc062723c751e8b465ee728b)  -> (artifact id: '3ca2438a02f8bbaf9575128d44ac7efe') in 0.045753 seconds 
========================================================================
Received Import Request.
  Time since last request: 0.028519 seconds.
  path: Assets/MASH Virtual/Sci Fi Gun/Texture/GunModle_Gun_MetallicSmoothness.png
  artifactKey: Guid(99623da3046b5cb4b8cb935b778d13f5) Importer(815301076,1909f56bfc062723c751e8b465ee728b)
Start importing Assets/MASH Virtual/Sci Fi Gun/Texture/GunModle_Gun_MetallicSmoothness.png using Guid(99623da3046b5cb4b8cb935b778d13f5) Importer(815301076,1909f56bfc062723c751e8b465ee728b)  -> (artifact id: '7e320cef30819a07ea8f66dfef09eb95') in 0.015190 seconds 
